2019-08-31T15:34:55.433+03:00 : http://localhost:8984/zapolnititul/api/v2.1/data/users/21/templates/1 : data=full
2019-08-31T15:35:00.863+03:00 : http://localhost:8984/zapolnititul/api/v2.1/data/users/21/templates/1 : data=full
2019-08-31T15:36:38.766+03:00 : http://localhost:8984/zapolnititul/api/v2.1/data/users/21/templates/1 : data=full
2019-08-31T15:41:22.264+03:00 : http://localhost:8984/zapolnititul/api/v2.1/data/users/21/templates/1 : data=full
2019-08-31T16:32:01.717+03:00 : http://localhost:8984/zapolnititul/api/v2.1/data/users/1/templates/1 : data=full
2019-08-31T16:38:41.558+03:00 : http://localhost:8984/zapolnititul/api/v2.1/data/users/1/templates/1 : data=full
2019-08-31T16:45:51.417+03:00 : http://localhost:8984/zapolnititul/api/v2.1/data/users/1/templates/1 : data=full
2019-08-31T16:53:44.323+03:00 : http://localhost:8984/zapolnititul/api/v2.1/data/users/1/templates/1 : data=full
2019-09-02T00:04:25.587+03:00 : http://localhost:8984/zapolnititul/api/v2.1/data/users/1/templates/1 : data=full
2019-09-02T00:05:33.493+03:00 : http://localhost:8984/zapolnititul/api/v2.1/data/users/21/templates/1 : data=full
2019-09-02T00:06:35.752+03:00 : http://localhost:8984/zapolnititul/api/v2.1/data/users/21/templates/68fea308-47de-4d9d-9b88-4ac964546c12
2019-09-02T00:08:39.197+03:00 : http://localhost:8984/zapolnititul/api/v2.1/data/users/21/templates/68fea308-47de-4d9d-9b88-4ac964546c12
2019-09-02T00:10:07.861+03:00 : http://localhost:8984/zapolnititul/api/v2.1/data/users/21/templates/68fea308-47de-4d9d-9b88-4ac964546c12
2019-09-02T00:10:31.321+03:00 : http://localhost:8984/zapolnititul/api/v2.1/data/users/21/templates/68fea308-47de-4d9d-9b88-4ac964546c12
2019-09-02T00:11:06.873+03:00 : http://localhost:8984/zapolnititul/api/v2.1/data/users/21/templates/68fea308-47de-4d9d-9b88-4ac964546c12
2019-09-02T00:11:50.435+03:00 : http://localhost:8984/zapolnititul/api/v2.1/data/users/21/templates/68fea308-47de-4d9d-9b88-4ac964546c12
2019-09-02T00:12:52.556+03:00 : http://localhost:8984/zapolnititul/api/v2.1/data/users/21/templates/68fea308-47de-4d9d-9b88-4ac964546c12
2019-09-02T00:13:40.806+03:00 : http://localhost:8984/zapolnititul/api/v2.1/data/users/21/templates/68fea308-47de-4d9d-9b88-4ac964546c12
2019-09-02T00:14:04.596+03:00 : http://localhost:8984/zapolnititul/api/v2.1/data/users/21/templates/68fea308-47de-4d9d-9b88-4ac964546c12
2019-09-02T00:16:40.515+03:00 : http://localhost:8984/zapolnititul/api/v2.1/data/users/21/templates/68fea308-47de-4d9d-9b88-4ac964546c12
2019-09-02T00:18:28.193+03:00 : http://localhost:8984/zapolnititul/api/v2.1/data/users/21/templates/68fea308-47de-4d9d-9b88-4ac964546c12
2019-09-02T00:19:12.248+03:00 : http://localhost:8984/zapolnititul/api/v2.1/data/users/21/templates/68fea308-47de-4d9d-9b88-4ac964546c12
2019-09-02T00:22:44.985+03:00 : http://localhost:8984/zapolnititul/api/v2.1/data/users/21/templates/68fea308-47de-4d9d-9b88-4ac964546c12
2019-09-02T00:24:16.476+03:00 : http://localhost:8984/zapolnititul/api/v2.1/data/users/21/templates/68fea308-47de-4d9d-9b88-4ac964546c12
2019-09-02T00:24:35.098+03:00 : http://localhost:8984/zapolnititul/api/v2.1/data/users/21/templates/68fea308-47de-4d9d-9b88-4ac964546c12
2019-09-02T00:25:10.61+03:00 : http://localhost:8984/zapolnititul/api/v2.1/data/users/21/templates/68fea308-47de-4d9d-9b88-4ac964546c12
2019-09-02T00:32:40.563+03:00 : http://localhost:8984/zapolnititul/api/v2.1/data/users/21/templates/68fea308-47de-4d9d-9b88-4ac964546c12
2019-09-02T00:41:01.282+03:00 : http://localhost:8984/zapolnititul/api/v2.1/data/users/21/templates/68fea308-47de-4d9d-9b88-4ac964546c12
2019-09-02T00:42:38.832+03:00 : http://localhost:8984/zapolnititul/api/v2.1/data/users/21/templates/68fea308-47de-4d9d-9b88-4ac964546c12
2019-09-02T00:43:08.034+03:00 : http://localhost:8984/zapolnititul/api/v2.1/data/users/21/templates/68fea308-47de-4d9d-9b88-4ac964546c12 : mode=full
2019-09-02T00:44:55.369+03:00 : http://localhost:8984/zapolnititul/api/v2.1/data/users/21/templates/68fea308-47de-4d9d-9b88-4ac964546c12 : mode=full
2019-09-02T00:48:19.549+03:00 : http://localhost:8984/zapolnititul/api/v2.1/data/users/21/templates/68fea308-47de-4d9d-9b88-4ac964546c12 : mode=full
2019-09-02T00:49:22.705+03:00 : http://localhost:8984/zapolnititul/api/v2.1/data/users/21/templates/68fea308-47de-4d9d-9b88-4ac964546c12 : mode=full
2019-09-02T00:55:21.836+03:00 : http://localhost:8984/zapolnititul/api/v2.1/data/users/21/templates/68fea308-47de-4d9d-9b88-4ac964546c12 : mode=full
2019-09-02T00:55:38.128+03:00 : http://localhost:8984/zapolnititul/api/v2.1/data/users/21/templates/68fea308-47de-4d9d-9b88-4ac964546c12 : mode=full1
2019-09-02T00:55:58.116+03:00 : http://localhost:8984/zapolnititul/api/v2.1/data/users/21/templates/68fea308-47de-4d9d-9b88-4ac964546c12 : mode=full
2019-09-02T01:00:22.082+03:00 : http://localhost:8984/zapolnititul/api/v2.1/data/users/21/templates/68fea308-47de-4d9d-9b88-4ac964546c12 : mode=full
2019-09-02T01:00:35.877+03:00 : http://localhost:8984/zapolnititul/api/v2.1/data/users/21/templates/68fea308-47de-4d9d-9b88-4ac964546c12 : mode=full1
2019-09-02T01:04:17.299+03:00 : http://localhost:8984/zapolnititul/api/v2.1/data/users/21/templates/68fea308-47de-4d9d-9b88-4ac964546c12 : mode=full1
2019-09-02T01:08:05.674+03:00 : http://localhost:8984/zapolnititul/api/v2.1/data/users/21/templates/68fea308-47de-4d9d-9b88-4ac964546c12 : mode=full1
2019-09-02T01:09:18.524+03:00 : http://localhost:8984/zapolnititul/api/v2.1/data/users/21/templates/68fea308-47de-4d9d-9b88-4ac964546c12 : mode=full1
2019-09-02T01:09:43.372+03:00 : http://localhost:8984/zapolnititul/api/v2.1/data/users/21/templates/68fea308-47de-4d9d-9b88-4ac964546c12 : mode=full1&starts=2
